2018-02-26 05:52:11 +0000  Initial pipeline context: <IDEDistributionProcessingPipelineContext: 0x7fcd570ef070; archive(resolved)='<IDEArchive: 0x7fcd776dba30>', distributionTask(resolved)='2', distributionMethod(resolved)='<IDEDistributionMethodAdHoc: 0x7fcd671f81a0>', team(resolved)='<IDEProvisioningBasicTeam 0x7fcd72922b80: teamID: A3N2LMHK78, teamName: qin  rong>'>
	Chain (11, self inclusive):
	<IDEDistributionProcessingPipelineContext: 0x7fcd570ef070; archive = '<IDEArchive: 0x7fcd776dba30>', distributionMethod='<IDEDistributionMethodAdHoc: 0x7fcd671f81a0>', team='<IDEProvisioningBasicTeam 0x7fcd72922b80: teamID: A3N2LMHK78, teamName: qin  rong>'>
	<IDEDistributionProcessingPipelineContext: 0x7fcd6ef849f0; archive = '<IDEArchive: 0x7fcd776dba30>', distributionMethod='<IDEDistributionMethodAdHoc: 0x7fcd671f81a0>', team='<IDEProvisioningBasicTeam 0x7fcd72922b80: teamID: A3N2LMHK78, teamName: qin  rong>'>
	<IDEDistributionContext: 0x7fcd570e3040; archive = '<IDEArchive: 0x7fcd776dba30>', distributionMethod='<IDEDistributionMethodAdHoc: 0x7fcd671f81a0>', team='<IDEProvisioningBasicTeam 0x7fcd72922b80: teamID: A3N2LMHK78, teamName: qin  rong>'>
	<IDEDistributionContext: 0x7fcd6ef79e40; archive = '<IDEArchive: 0x7fcd776dba30>', distributionMethod='<IDEDistributionMethodAdHoc: 0x7fcd671f81a0>', team='<IDEProvisioningBasicTeam 0x7fcd72922b80: teamID: A3N2LMHK78, teamName: qin  rong>'>
	<IDEDistributionContext: 0x7fcd6abb8f80; archive = '<IDEArchive: 0x7fcd776dba30>', distributionMethod='<IDEDistributionMethodAdHoc: 0x7fcd671f81a0>', team='<IDEProvisioningBasicTeam 0x7fcd72922b80: teamID: A3N2LMHK78, teamName: qin  rong>'>
	<IDEDistributionContext: 0x7fcd6ef48f50; archive = '<IDEArchive: 0x7fcd776dba30>', distributionMethod='<IDEDistributionMethodAdHoc: 0x7fcd671f81a0>', team='<IDEProvisioningBasicTeam 0x7fcd72922b80: teamID: A3N2LMHK78, teamName: qin  rong>'>
	<IDEDistributionContext: 0x7fcd7fa98d30; archive = '<IDEArchive: 0x7fcd776dba30>', distributionMethod='<IDEDistributionMethodAdHoc: 0x7fcd671f81a0>', team='<IDEProvisioningBasicTeam 0x7fcd72922b80: teamID: A3N2LMHK78, teamName: qin  rong>'>
	<IDEDistributionContext: 0x7fcd7268b3b0; archive = '<IDEArchive: 0x7fcd776dba30>', distributionMethod='<IDEDistributionMethodAdHoc: 0x7fcd671f81a0>', team='<IDEProvisioningBasicTeam 0x7fcd72922b80: teamID: A3N2LMHK78, teamName: qin  rong>'>
	<IDEDistributionContext: 0x7fcd72630470; archive = '<IDEArchive: 0x7fcd776dba30>', distributionMethod='<IDEDistributionMethodAdHoc: 0x7fcd671f81a0>', team='<IDEProvisioningBasicTeam 0x7fcd72922b80: teamID: A3N2LMHK78, teamName: qin  rong>'>
	<IDEDistributionContext: 0x7fcd929a30f0; archive = '<IDEArchive: 0x7fcd776dba30>', distributionMethod='<IDEDistributionMethodAdHoc: 0x7fcd671f81a0>', team='(null)'>
	<IDEDistributionContext: 0x7fcd6aaedfd0; archive = '<IDEArchive: 0x7fcd776dba30>', distributionMethod='(null)', team='(null)'>
</IDEDistributionProcessingPipelineContext: 0x7fcd570ef070>
2018-02-26 05:52:11 +0000  Processing step: IDEDistributionCreateDestRootStep
2018-02-26 05:52:11 +0000  Processing step: IDEDistributionCopyItemStep
2018-02-26 05:52:11 +0000  Running /usr/bin/ditto '-V' '/Users/kuncai/Library/Developer/Xcode/Archives/2018-02-26/RealSocial 2018-2-26 下午1.45.xcarchive/Products/Applications/RealSocial.app' '/var/folders/v4/nl0z9lqx5nvfk7d8gw1klpqc0000gn/T/XcodeDistPipeline.IRo/Root/Payload/RealSocial.app'
2018-02-26 05:52:11 +0000  >>> Copying /Users/kuncai/Library/Developer/Xcode/Archives/2018-02-26/RealSocial 2018-2-26 下午1.45.xcarchive/Products/Applications/RealSocial.app 
2018-02-26 05:52:11 +0000  
2018-02-26 05:52:11 +0000  copying file ./_CodeSignature/CodeResources ... 
2018-02-26 05:52:11 +0000  40809 bytes for ./_CodeSignature/CodeResources
2018-02-26 05:52:11 +0000  copying file ./TextCell.nib ... 
2018-02-26 05:52:11 +0000  3299 bytes for ./TextCell.nib
2018-02-26 05:52:11 +0000  copying file ./spcgicomm.proto ... 
2018-02-26 05:52:11 +0000  787 bytes for ./spcgicomm.proto
2018-02-26 05:52:11 +0000  copying file ./LaunchImage-1100-Portrait-2436h@3x.png ... 
2018-02-26 05:52:11 +0000  37430 bytes for ./LaunchImage-1100-Portrait-2436h@3x.png
2018-02-26 05:52:11 +0000  copying file ./defaultSpaceBg.png ... 
2018-02-26 05:52:11 +0000  584564 bytes for ./defaultSpaceBg.png
2018-02-26 05:52:11 +0000  copying file ./btn-send@2x.png ... 
2018-02-26 05:52:11 +0000  2251 bytes for ./btn-send@2x.png
2018-02-26 05:52:11 +0000  copying file ./checkbox-nor@2x.png ... 
2018-02-26 05:52:11 +0000  536 bytes for ./checkbox-nor@2x.png
2018-02-26 05:52:11 +0000  copying file ./shader-0.png ... 
2018-02-26 05:52:11 +0000  3460 bytes for ./shader-0.png
2018-02-26 05:52:11 +0000  copying file ./standard_alpha.png ... 
2018-02-26 05:52:11 +0000  308620 bytes for ./standard_alpha.png
2018-02-26 05:52:11 +0000  copying file ./area-1.png ... 
2018-02-26 05:52:11 +0000  1642 bytes for ./area-1.png
copying file ./area-0.png ... 
2018-02-26 05:52:11 +0000  1689 bytes for ./area-0.png
copying file ./shader-1.png ... 
2018-02-26 05:52:11 +0000  3280 bytes for ./shader-1.png
2018-02-26 05:52:11 +0000  copying file ./AppIcon57x57.png ... 
2018-02-26 05:52:11 +0000  3384 bytes for ./AppIcon57x57.png
2018-02-26 05:52:11 +0000  copying file ./photograph_Select@3x.png ... 
2018-02-26 05:52:11 +0000  3172 bytes for ./photograph_Select@3x.png
2018-02-26 05:52:11 +0000  copying file ./spbasecgi.proto ... 
2018-02-26 05:52:11 +0000  595 bytes for ./spbasecgi.proto
2018-02-26 05:52:11 +0000  copying file ./Face3DVertex.glsl ... 
2018-02-26 05:52:11 +0000  125 bytes for ./Face3DVertex.glsl
2018-02-26 05:52:11 +0000  copying file ./faceinfo-0.png ... 
2018-02-26 05:52:11 +0000  14134 bytes for ./faceinfo-0.png
2018-02-26 05:52:11 +0000  copying file ./screen-0.png ... 
2018-02-26 05:52:11 +0000  1840 bytes for ./screen-0.png
copying file ./photograph_Select@2x.png ... 
2018-02-26 05:52:11 +0000  2118 bytes for ./photograph_Select@2x.png
2018-02-26 05:52:11 +0000  copying file ./spspacecgi.proto ... 
2018-02-26 05:52:11 +0000  2118 bytes for ./spspacecgi.proto
2018-02-26 05:52:11 +0000  copying file ./checkbox-nor@3x.png ... 
2018-02-26 05:52:11 +0000  759 bytes for ./checkbox-nor@3x.png
2018-02-26 05:52:11 +0000  copying file ./btn-send@3x.png ... 
2018-02-26 05:52:11 +0000  4329 bytes for ./btn-send@3x.png
2018-02-26 05:52:11 +0000  copying file ./screen-1.png ... 
2018-02-26 05:52:11 +0000  2001 bytes for ./screen-1.png
2018-02-26 05:52:11 +0000  copying file ./faceinfo-1.png ... 
2018-02-26 05:52:11 +0000  13125 bytes for ./faceinfo-1.png
2018-02-26 05:52:11 +0000  copying file ./megviicloud logo.png ... 
2018-02-26 05:52:11 +0000  14839 bytes for ./megviicloud logo.png
2018-02-26 05:52:11 +0000  copying file ./1280_720@3x.png ... 
2018-02-26 05:52:11 +0000  7200 bytes for ./1280_720@3x.png
copying file ./AppIcon29x29.png ... 
2018-02-26 05:52:11 +0000  1391 bytes for ./AppIcon29x29.png
2018-02-26 05:52:11 +0000  copying file ./card_front.png ... 
2018-02-26 05:52:11 +0000  10524 bytes for ./card_front.png
2018-02-26 05:52:11 +0000  copying file ./checkbox-selected@3x.png ... 
2018-02-26 05:52:11 +0000  2435 bytes for ./checkbox-selected@3x.png
2018-02-26 05:52:11 +0000  copying file ./960_540@3x.png ... 
2018-02-26 05:52:11 +0000  7465 bytes for ./960_540@3x.png
2018-02-26 05:52:11 +0000  copying file ./AppIcon60x60@2x.png ... 
2018-02-26 05:52:11 +0000  9999 bytes for ./AppIcon60x60@2x.png
2018-02-26 05:52:11 +0000  copying file ./AppIcon72x72@2x~ipad.png ... 
2018-02-26 05:52:11 +0000  12958 bytes for ./AppIcon72x72@2x~ipad.png
2018-02-26 05:52:11 +0000  copying file ./btn-comment-nor@3x.png ... 
2018-02-26 05:52:11 +0000  1602 bytes for ./btn-comment-nor@3x.png
2018-02-26 05:52:11 +0000  copying file ./AppIcon29x29@2x.png ... 
2018-02-26 05:52:11 +0000  3537 bytes for ./AppIcon29x29@2x.png
2018-02-26 05:52:11 +0000  copying file ./regist.png ... 
2018-02-26 05:52:11 +0000  5449 bytes for ./regist.png
copying file ./textrec-0.png ... 
2018-02-26 05:52:11 +0000  2577 bytes for ./textrec-0.png
copying file ./BaseCell.nib ... 
2018-02-26 05:52:11 +0000  1163 bytes for ./BaseCell.nib
2018-02-26 05:52:11 +0000  copying file ./LaunchImage-800-667h@2x.png ... 
2018-02-26 05:52:11 +0000  27639 bytes for ./LaunchImage-800-667h@2x.png
2018-02-26 05:52:11 +0000  copying file ./.gitkeep ... 
2018-02-26 05:52:11 +0000  0 bytes for ./.gitkeep
copying file ./textrec-1.png ... 
2018-02-26 05:52:11 +0000  2414 bytes for ./textrec-1.png
2018-02-26 05:52:11 +0000  copying file ./AppIcon40x40@3x.png ... 
2018-02-26 05:52:11 +0000  9635 bytes for ./AppIcon40x40@3x.png
copying file ./AppIcon57x57@2x.png ... 
2018-02-26 05:52:11 +0000  9261 bytes for ./AppIcon57x57@2x.png
copying file ./VideoFrag.glsl ... 
2018-02-26 05:52:11 +0000  219 bytes for ./VideoFrag.glsl
copying file ./faceLogo.png ... 
2018-02-26 05:52:11 +0000  8619 bytes for ./faceLogo.png
2018-02-26 05:52:11 +0000  copying file ./record-1.png ... 
2018-02-26 05:52:11 +0000  7029 bytes for ./record-1.png
2018-02-26 05:52:11 +0000  copying file ./AppIcon29x29~ipad.png ... 
2018-02-26 05:52:11 +0000  1391 bytes for ./AppIcon29x29~ipad.png
2018-02-26 05:52:11 +0000  copying file ./user.png ... 
2018-02-26 05:52:11 +0000  3890 bytes for ./user.png
copying file ./debug-1.png ... 
2018-02-26 05:52:11 +0000  3593 bytes for ./debug-1.png
copying file ./AppIcon40x40@2x.png ... 
2018-02-26 05:52:11 +0000  5694 bytes for ./AppIcon40x40@2x.png
2018-02-26 05:52:11 +0000  copying file ./1920_1080@3x.png ... 
2018-02-26 05:52:11 +0000  7446 bytes for ./1920_1080@3x.png
2018-02-26 05:52:11 +0000  copying file ./debug-0.png ... 
2018-02-26 05:52:11 +0000  3879 bytes for ./debug-0.png
2018-02-26 05:52:11 +0000  copying file ./record-0.png ... 
2018-02-26 05:52:11 +0000  7640 bytes for ./record-0.png
copying file ./btn-comment-nor@2x.png ... 
2018-02-26 05:52:11 +0000  969 bytes for ./btn-comment-nor@2x.png
2018-02-26 05:52:11 +0000  copying file ./AppIcon29x29@3x.png ... 
2018-02-26 05:52:11 +0000  6167 bytes for ./AppIcon29x29@3x.png
2018-02-26 05:52:11 +0000  copying file ./1920_1080.png ... 
2018-02-26 05:52:11 +0000  5157 bytes for ./1920_1080.png
2018-02-26 05:52:11 +0000  copying file ./side-1.png ... 
2018-02-26 05:52:11 +0000  2723 bytes for ./side-1.png
2018-02-26 05:52:11 +0000  copying file ./spbuiltintype.proto ... 
2018-02-26 05:52:11 +0000  590 bytes for ./spbuiltintype.proto
2018-02-26 05:52:11 +0000  copying file ./AppIcon60x60@3x.png ... 
2018-02-26 05:52:11 +0000  16983 bytes for ./AppIcon60x60@3x.png
2018-02-26 05:52:11 +0000  copying file ./Base.lproj/Main.storyboardc/UIViewController-BYZ-38-t0r.nib ... 
2018-02-26 05:52:11 +0000  916 bytes for ./Base.lproj/Main.storyboardc/UIViewController-BYZ-38-t0r.nib
2018-02-26 05:52:11 +0000  copying file ./Base.lproj/Main.storyboardc/BYZ-38-t0r-view-8bC-Xf-vdC.nib ... 
2018-02-26 05:52:11 +0000  1986 bytes for ./Base.lproj/Main.storyboardc/BYZ-38-t0r-view-8bC-Xf-vdC.nib
2018-02-26 05:52:11 +0000  copying file ./Base.lproj/Main.storyboardc/Info.plist ... 
2018-02-26 05:52:11 +0000  258 bytes for ./Base.lproj/Main.storyboardc/Info.plist
2018-02-26 05:52:11 +0000  copying file ./Base.lproj/LaunchScreen.storyboardc/01J-lp-oVM-view-Ze5-6b-2t3.nib ... 
2018-02-26 05:52:11 +0000  1985 bytes for ./Base.lproj/LaunchScreen.storyboardc/01J-lp-oVM-view-Ze5-6b-2t3.nib
2018-02-26 05:52:11 +0000  copying file ./Base.lproj/LaunchScreen.storyboardc/UIViewController-01J-lp-oVM.nib ... 
2018-02-26 05:52:11 +0000  832 bytes for ./Base.lproj/LaunchScreen.storyboardc/UIViewController-01J-lp-oVM.nib
2018-02-26 05:52:11 +0000  copying file ./Base.lproj/LaunchScreen.storyboardc/Info.plist ... 
2018-02-26 05:52:11 +0000  258 bytes for ./Base.lproj/LaunchScreen.storyboardc/Info.plist
2018-02-26 05:52:11 +0000  copying file ./side-0.png ... 
2018-02-26 05:52:11 +0000  2279 bytes for ./side-0.png
2018-02-26 05:52:11 +0000  copying file ./selected.png ... 
2018-02-26 05:52:11 +0000  1434 bytes for ./selected.png
copying file ./background.png ... 
2018-02-26 05:52:11 +0000  987646 bytes for ./background.png
copying file ./checkbox-selected@2x.png ... 
2018-02-26 05:52:11 +0000  1582 bytes for ./checkbox-selected@2x.png
2018-02-26 05:52:11 +0000  copying file ./Localizable.strings ... 
2018-02-26 05:52:11 +0000  1547 bytes for ./Localizable.strings
copying file ./archived-expanded-entitlements.xcent ... 
2018-02-26 05:52:11 +0000  246 bytes for ./archived-expanded-entitlements.xcent
2018-02-26 05:52:11 +0000  copying file ./btn-confirm-hl@2x.png ... 
2018-02-26 05:52:11 +0000  3518 bytes for ./btn-confirm-hl@2x.png
2018-02-26 05:52:11 +0000  copying file ./btn-camera@2x.png ... 
2018-02-26 05:52:11 +0000  10572 bytes for ./btn-camera@2x.png
copying file ./btn-search@3x.png ... 
2018-02-26 05:52:11 +0000  825 bytes for ./btn-search@3x.png
2018-02-26 05:52:11 +0000  copying file ./spcgicommdef.proto ... 
2018-02-26 05:52:11 +0000  734 bytes for ./spcgicommdef.proto
2018-02-26 05:52:11 +0000  copying file ./btn-newGroup@3x.png ... 
2018-02-26 05:52:11 +0000  1445 bytes for ./btn-newGroup@3x.png
2018-02-26 05:52:11 +0000  copying file ./1280_720.png ... 
2018-02-26 05:52:11 +0000  4962 bytes for ./1280_720.png
copying file ./LaunchImage-700-Portrait~ipad.png ... 
2018-02-26 05:52:11 +0000  26830 bytes for ./LaunchImage-700-Portrait~ipad.png
copying file ./Face3DFragment.glsl ... 
2018-02-26 05:52:11 +0000  400 bytes for ./Face3DFragment.glsl
2018-02-26 05:52:11 +0000  copying file ./btn-searchbar-clear@2x.png ... 
2018-02-26 05:52:11 +0000  338 bytes for ./btn-searchbar-clear@2x.png
copying file ./Assets.car ... 
2018-02-26 05:52:11 +0000  339144 bytes for ./Assets.car
copying file ./photograph@3x.png ... 
2018-02-26 05:52:11 +0000  3265 bytes for ./photograph@3x.png
copying file ./AppIcon40x40@2x~ipad.png ... 
2018-02-26 05:52:11 +0000  5694 bytes for ./AppIcon40x40@2x~ipad.png
copying file ./VideoVert.glsl ... 
2018-02-26 05:52:11 +0000  180 bytes for ./VideoVert.glsl
2018-02-26 05:52:11 +0000  copying file ./AppIcon76x76@2x~ipad.png ... 
2018-02-26 05:52:11 +0000  13880 bytes for ./AppIcon76x76@2x~ipad.png
2018-02-26 05:52:11 +0000  copying file ./LaunchImage-800-Portrait-736h@3x.png ... 
2018-02-26 05:52:11 +0000  49843 bytes for ./LaunchImage-800-Portrait-736h@3x.png
2018-02-26 05:52:11 +0000  copying file ./AppIcon72x72~ipad.png ... 
2018-02-26 05:52:11 +0000  4785 bytes for ./AppIcon72x72~ipad.png
2018-02-26 05:52:11 +0000  copying file ./MCSetCell.nib ... 
2018-02-26 05:52:11 +0000  4492 bytes for ./MCSetCell.nib
2018-02-26 05:52:11 +0000  copying file ./FacePointSize.glsl ... 
2018-02-26 05:52:11 +0000  137 bytes for ./FacePointSize.glsl
2018-02-26 05:52:11 +0000  copying file ./megviifacepp_0_5_2_model ... 
2018-02-26 05:52:12 +0000  9612097 bytes for ./megviifacepp_0_5_2_model
2018-02-26 05:52:12 +0000  copying file ./photograph@2x.png ... 
2018-02-26 05:52:12 +0000  2194 bytes for ./photograph@2x.png
2018-02-26 05:52:12 +0000  copying file ./btn-searchbar-clear@3x.png ... 
2018-02-26 05:52:12 +0000  451 bytes for ./btn-searchbar-clear@3x.png
2018-02-26 05:52:12 +0000  copying file ./LaunchImage-700@2x.png ... 
2018-02-26 05:52:12 +0000  25549 bytes for ./LaunchImage-700@2x.png
2018-02-26 05:52:12 +0000  copying file ./btn-newGroup@2x.png ... 
2018-02-26 05:52:12 +0000  764 bytes for ./btn-newGroup@2x.png
2018-02-26 05:52:12 +0000  copying file ./pw.png ... 
2018-02-26 05:52:12 +0000  2051 bytes for ./pw.png
2018-02-26 05:52:12 +0000  copying file ./960_540.png ... 
2018-02-26 05:52:12 +0000  5199 bytes for ./960_540.png
2018-02-26 05:52:12 +0000  copying file ./AppIcon83.5x83.5@2x~ipad.png ... 
2018-02-26 05:52:12 +0000  16047 bytes for ./AppIcon83.5x83.5@2x~ipad.png
2018-02-26 05:52:12 +0000  copying file ./LaunchImage-700-568h@2x.png ... 
2018-02-26 05:52:12 +0000  26232 bytes for ./LaunchImage-700-568h@2x.png
2018-02-26 05:52:12 +0000  copying file ./MGFaceListViewController.storyboardc/MGFaceListViewController.nib ... 
2018-02-26 05:52:12 +0000  1133 bytes for ./MGFaceListViewController.storyboardc/MGFaceListViewController.nib
copying file ./MGFaceListViewController.storyboardc/OSn-l6-tca-view-FAV-bl-znD.nib ... 
2018-02-26 05:52:12 +0000  8352 bytes for ./MGFaceListViewController.storyboardc/OSn-l6-tca-view-FAV-bl-znD.nib
copying file ./MGFaceListViewController.storyboardc/Info.plist ... 
2018-02-26 05:52:12 +0000  173 bytes for ./MGFaceListViewController.storyboardc/Info.plist
2018-02-26 05:52:12 +0000  copying file ./btn-search@2x.png ... 
2018-02-26 05:52:12 +0000  560 bytes for ./btn-search@2x.png
2018-02-26 05:52:12 +0000  copying file ./faceCompare-1.png ... 
2018-02-26 05:52:12 +0000  4351 bytes for ./faceCompare-1.png
2018-02-26 05:52:12 +0000  copying file ./btn-camera@3x.png ... 
2018-02-26 05:52:12 +0000  16919 bytes for ./btn-camera@3x.png
2018-02-26 05:52:12 +0000  copying file ./faceCompare-0.png ... 
2018-02-26 05:52:12 +0000  4747 bytes for ./faceCompare-0.png
2018-02-26 05:52:12 +0000  copying file ./skin.png ... 
2018-02-26 05:52:12 +0000  597027 bytes for ./skin.png
2018-02-26 05:52:12 +0000  copying file ./AppIcon50x50~ipad.png ... 
2018-02-26 05:52:12 +0000  2790 bytes for ./AppIcon50x50~ipad.png
copying file ./btn-confirm-hl@3x.png ... 
2018-02-26 05:52:12 +0000  5384 bytes for ./btn-confirm-hl@3x.png
2018-02-26 05:52:12 +0000  copying file ./RealSocial ... 
2018-02-26 05:52:12 +0000  13691744 bytes for ./RealSocial
2018-02-26 05:52:12 +0000  copying file ./3D-0.png ... 
2018-02-26 05:52:12 +0000  3951 bytes for ./3D-0.png
2018-02-26 05:52:12 +0000  copying file ./3D-1.png ... 
2018-02-26 05:52:12 +0000  3543 bytes for ./3D-1.png
2018-02-26 05:52:12 +0000  copying file ./AppIcon29x29@2x~ipad.png ... 
2018-02-26 05:52:12 +0000  3537 bytes for ./AppIcon29x29@2x~ipad.png
2018-02-26 05:52:12 +0000  copying file ./81_points_position.jpg ... 
2018-02-26 05:52:12 +0000  94473 bytes for ./81_points_position.jpg
copying file ./btn-sent-hl@2x.png ... 
2018-02-26 05:52:12 +0000  3419 bytes for ./btn-sent-hl@2x.png
copying file ./AppIcon50x50@2x~ipad.png ... 
2018-02-26 05:52:12 +0000  7797 bytes for ./AppIcon50x50@2x~ipad.png
2018-02-26 05:52:12 +0000  copying file ./81-1.png ... 
2018-02-26 05:52:12 +0000  13514 bytes for ./81-1.png
2018-02-26 05:52:12 +0000  copying file ./AppIcon40x40~ipad.png ... 
2018-02-26 05:52:12 +0000  2106 bytes for ./AppIcon40x40~ipad.png
2018-02-26 05:52:12 +0000  copying file ./btn-comment-new@2x.png ... 
2018-02-26 05:52:12 +0000  2069 bytes for ./btn-comment-new@2x.png
2018-02-26 05:52:12 +0000  copying file ./81-0.png ... 
2018-02-26 05:52:12 +0000  11321 bytes for ./81-0.png
2018-02-26 05:52:12 +0000  copying file ./IMG_2393.JPG ... 
2018-02-26 05:52:12 +0000  179893 bytes for ./IMG_2393.JPG
copying file ./btn-confirm-nor@3x.png ... 
2018-02-26 05:52:12 +0000  2434 bytes for ./btn-confirm-nor@3x.png
2018-02-26 05:52:12 +0000  copying file ./embedded.mobileprovision ... 
2018-02-26 05:52:12 +0000  9871 bytes for ./embedded.mobileprovision
2018-02-26 05:52:12 +0000  copying file ./unSelected.png ... 
2018-02-26 05:52:12 +0000  1159 bytes for ./unSelected.png
2018-02-26 05:52:12 +0000  copying file ./640_480.png ... 
2018-02-26 05:52:12 +0000  4956 bytes for ./640_480.png
2018-02-26 05:52:12 +0000  copying file ./btn-confirm-nor@2x.png ... 
2018-02-26 05:52:12 +0000  1634 bytes for ./btn-confirm-nor@2x.png
2018-02-26 05:52:12 +0000  copying file ./btn-comment-new@3x.png ... 
2018-02-26 05:52:12 +0000  3257 bytes for ./btn-comment-new@3x.png
2018-02-26 05:52:12 +0000  copying file ./LaunchImage-700-Portrait@2x~ipad.png ... 
2018-02-26 05:52:12 +0000  52369 bytes for ./LaunchImage-700-Portrait@2x~ipad.png
2018-02-26 05:52:12 +0000  copying file ./FacePointColor.glsl ... 
2018-02-26 05:52:12 +0000  103 bytes for ./FacePointColor.glsl
copying file ./btn-sent-hl@3x.png ... 
2018-02-26 05:52:12 +0000  5232 bytes for ./btn-sent-hl@3x.png
copying file ./Info.plist ... 
2018-02-26 05:52:12 +0000  2149 bytes for ./Info.plist
2018-02-26 05:52:12 +0000  copying file ./defaultAvatar.png ... 
2018-02-26 05:52:12 +0000  8823 bytes for ./defaultAvatar.png
2018-02-26 05:52:12 +0000  copying file ./640_480@3x.png ... 
2018-02-26 05:52:12 +0000  7174 bytes for ./640_480@3x.png
2018-02-26 05:52:12 +0000  copying file ./PkgInfo ... 
2018-02-26 05:52:12 +0000  8 bytes for ./PkgInfo
2018-02-26 05:52:12 +0000  copying file ./AppIcon76x76~ipad.png ... 
2018-02-26 05:52:12 +0000  5175 bytes for ./AppIcon76x76~ipad.png
2018-02-26 05:52:12 +0000  
2018-02-26 05:52:12 +0000  
2018-02-26 05:52:12 +0000  /usr/bin/ditto exited with 0
2018-02-26 05:52:12 +0000  2018-02-26 05:52:12 +0000  

2018-02-26 05:52:12 +0000  Processing step: IDEDistributionEmbedProfileStep
2018-02-26 05:52:12 +0000  Processing step: IDEDistributionAppThinningPlistStep
2018-02-26 05:52:12 +0000  Skipping step: IDEDistributionAppThinningPlistStep because it said so
2018-02-26 05:52:12 +0000  Processing step: IDEDistributionCompileBitcodeStep
2018-02-26 05:52:12 +0000  Skipping step: IDEDistributionCompileBitcodeStep because it said so
2018-02-26 05:52:12 +0000  Processing step: IDEDistributionCodeSlimmingStep
2018-02-26 05:52:12 +0000  Processing step: IDEDistributionCopyBCSymbolMapsStep
2018-02-26 05:52:12 +0000  Skipping step: IDEDistributionCopyBCSymbolMapsStep because it said so
2018-02-26 05:52:12 +0000  Processing step: IDEDistributionSymbolsStep
2018-02-26 05:52:12 +0000  Skipping step: IDEDistributionSymbolsStep because it said so
2018-02-26 05:52:12 +0000  Processing step: IDEDistributionAppThinningStep
2018-02-26 05:52:12 +0000  Skipping step: IDEDistributionAppThinningStep because it said so
2018-02-26 05:52:12 +0000  Processing step: IDEDistributionODRStep
2018-02-26 05:52:12 +0000  Processing step: IDEDistributionStripXattrsStep
2018-02-26 05:52:12 +0000  Running /usr/bin/xattr '-crs' '/var/folders/v4/nl0z9lqx5nvfk7d8gw1klpqc0000gn/T/XcodeDistPipeline.IRo/Root/Payload/RealSocial.app'
2018-02-26 05:52:13 +0000  2018-02-26 05:52:13 +0000  

2018-02-26 05:52:13 +0000  /usr/bin/xattr exited with 0
2018-02-26 05:52:13 +0000  2018-02-26 05:52:13 +0000  

2018-02-26 05:52:13 +0000  Processing step: IDEDistributionCodesignStep
2018-02-26 05:52:13 +0000  Applying entitlements delta for <IDEDistributionItem: 0x7fcd72915590 'com.kc.faceDemo' '<DVTFilePath:0x7fcd71b02e60:'/Users/kuncai/Library/Developer/Xcode/Archives/2018-02-26/RealSocial 2018-2-26 下午1.45.xcarchive/Products/Applications/RealSocial.app'>'> from <IDEiCloudEntitlementsProcessor: 0x7fcd7296fae0>: {
}
2018-02-26 05:52:13 +0000  Entitlements for <IDEDistributionItem: 0x7fcd72915590 'com.kc.faceDemo' '<DVTFilePath:0x7fcd71b02e60:'/Users/kuncai/Library/Developer/Xcode/Archives/2018-02-26/RealSocial 2018-2-26 下午1.45.xcarchive/Products/Applications/RealSocial.app'>'>: {
    "application-identifier" = "A3N2LMHK78.com.kc.faceDemo";
    "aps-environment" = production;
    "com.apple.developer.team-identifier" = A3N2LMHK78;
    "get-task-allow" = 0;
}
2018-02-26 05:52:13 +0000  Writing entitlements for <IDEDistributionItem: 0x7fcd72915590 'com.kc.faceDemo' '<DVTFilePath:0x7fcd71b02e60:'/Users/kuncai/Library/Developer/Xcode/Archives/2018-02-26/RealSocial 2018-2-26 下午1.45.xcarchive/Products/Applications/RealSocial.app'>'> to: /var/folders/v4/nl0z9lqx5nvfk7d8gw1klpqc0000gn/T/XcodeDistPipeline.IRo/entitlements2Slmdv
2018-02-26 05:52:13 +0000  Running /usr/bin/codesign '-vvv' '--force' '--sign' '45860B60457843F5D2F1BB03827BC162CC95275B' '--preserve-metadata=identifier,flags' '--entitlements' '/var/folders/v4/nl0z9lqx5nvfk7d8gw1klpqc0000gn/T/XcodeDistPipeline.IRo/entitlements2Slmdv' '/var/folders/v4/nl0z9lqx5nvfk7d8gw1klpqc0000gn/T/XcodeDistPipeline.IRo/Root/Payload/RealSocial.app'
2018-02-26 05:52:13 +0000  /var/folders/v4/nl0z9lqx5nvfk7d8gw1klpqc0000gn/T/XcodeDistPipeline.IRo/Root/Payload/RealSocial.app: replacing existing signature
2018-02-26 05:52:18 +0000  /var/folders/v4/nl0z9lqx5nvfk7d8gw1klpqc0000gn/T/XcodeDistPipeline.IRo/Root/Payload/RealSocial.app: signed app bundle with Mach-O thin (arm64) [com.kc.faceDemo]
2018-02-26 05:52:18 +0000  
2018-02-26 05:52:18 +0000  
2018-02-26 05:52:18 +0000  
2018-02-26 05:52:18 +0000  
2018-02-26 05:52:18 +0000  
2018-02-26 05:52:18 +0000  
2018-02-26 05:52:18 +0000  
2018-02-26 05:52:18 +0000  
2018-02-26 05:52:18 +0000  2018-02-26 05:52:18 +0000  /usr/bin/codesign exited with 0

2018-02-26 05:52:18 +0000  Processing step: IDEDistributionStreamingZipItemStep
2018-02-26 05:52:18 +0000  Skipping step: IDEDistributionStreamingZipItemStep because it said so
2018-02-26 05:52:18 +0000  Processing step: IDEDistributionCreateIPAStep
2018-02-26 05:52:18 +0000  Running /usr/bin/ditto '-V' '-c' '-k' '--norsrc' '/var/folders/v4/nl0z9lqx5nvfk7d8gw1klpqc0000gn/T/XcodeDistPipeline.IRo/Root' '/var/folders/v4/nl0z9lqx5nvfk7d8gw1klpqc0000gn/T/XcodeDistPipeline.IRo/Packages/RealSocial.ipa'
2018-02-26 05:52:18 +0000  >>> Copying /var/folders/v4/nl0z9lqx5nvfk7d8gw1klpqc0000gn/T/XcodeDistPipeline.IRo/Root 
2018-02-26 05:52:18 +0000  copying file ./Payload/RealSocial.app/_CodeSignature/CodeResources ... 
2018-02-26 05:52:18 +0000  40809 bytes for ./Payload/RealSocial.app/_CodeSignature/CodeResources
copying file ./Payload/RealSocial.app/TextCell.nib ... 
2018-02-26 05:52:18 +0000  3299 bytes for ./Payload/RealSocial.app/TextCell.nib
2018-02-26 05:52:18 +0000  copying file ./Payload/RealSocial.app/spcgicomm.proto ... 
787 bytes for ./Payload/RealSocial.app/spcgicomm.proto
2018-02-26 05:52:18 +0000  copying file ./Payload/RealSocial.app/LaunchImage-1100-Portrait-2436h@3x.png ... 
2018-02-26 05:52:18 +0000  37430 bytes for ./Payload/RealSocial.app/LaunchImage-1100-Portrait-2436h@3x.png
copying file ./Payload/RealSocial.app/defaultSpaceBg.png ... 
2018-02-26 05:52:18 +0000  584564 bytes for ./Payload/RealSocial.app/defaultSpaceBg.png
2018-02-26 05:52:18 +0000  copying file ./Payload/RealSocial.app/btn-send@2x.png ... 
2018-02-26 05:52:18 +0000  2251 bytes for ./Payload/RealSocial.app/btn-send@2x.png
2018-02-26 05:52:18 +0000  copying file ./Payload/RealSocial.app/checkbox-nor@2x.png ... 
2018-02-26 05:52:18 +0000  536 bytes for ./Payload/RealSocial.app/checkbox-nor@2x.png
2018-02-26 05:52:18 +0000  copying file ./Payload/RealSocial.app/shader-0.png ... 
2018-02-26 05:52:18 +0000  3460 bytes for ./Payload/RealSocial.app/shader-0.png
copying file ./Payload/RealSocial.app/standard_alpha.png ... 
2018-02-26 05:52:18 +0000  308620 bytes for ./Payload/RealSocial.app/standard_alpha.png
2018-02-26 05:52:18 +0000  copying file ./Payload/RealSocial.app/area-1.png ... 
2018-02-26 05:52:18 +0000  1642 bytes for ./Payload/RealSocial.app/area-1.png
copying file ./Payload/RealSocial.app/area-0.png ... 
2018-02-26 05:52:18 +0000  1689 bytes for ./Payload/RealSocial.app/area-0.png
copying file ./Payload/RealSocial.app/shader-1.png ... 
2018-02-26 05:52:18 +0000  3280 bytes for ./Payload/RealSocial.app/shader-1.png
2018-02-26 05:52:18 +0000  copying file ./Payload/RealSocial.app/AppIcon57x57.png ... 
3384 bytes for ./Payload/RealSocial.app/AppIcon57x57.png
copying file ./Payload/RealSocial.app/photograph_Select@3x.png ... 
3172 bytes for ./Payload/RealSocial.app/photograph_Select@3x.png
copying file ./Payload/RealSocial.app/spbasecgi.proto ... 
2018-02-26 05:52:18 +0000  595 bytes for ./Payload/RealSocial.app/spbasecgi.proto
copying file ./Payload/RealSocial.app/Face3DVertex.glsl ... 
2018-02-26 05:52:18 +0000  125 bytes for ./Payload/RealSocial.app/Face3DVertex.glsl
copying file ./Payload/RealSocial.app/faceinfo-0.png ... 
2018-02-26 05:52:18 +0000  14134 bytes for ./Payload/RealSocial.app/faceinfo-0.png
2018-02-26 05:52:18 +0000  copying file ./Payload/RealSocial.app/screen-0.png ... 
2018-02-26 05:52:18 +0000  1840 bytes for ./Payload/RealSocial.app/screen-0.png
copying file ./Payload/RealSocial.app/photograph_Select@2x.png ... 
2018-02-26 05:52:18 +0000  2118 bytes for ./Payload/RealSocial.app/photograph_Select@2x.png
copying file ./Payload/RealSocial.app/spspacecgi.proto ... 
2018-02-26 05:52:18 +0000  2118 bytes for ./Payload/RealSocial.app/spspacecgi.proto
2018-02-26 05:52:18 +0000  copying file ./Payload/RealSocial.app/checkbox-nor@3x.png ... 
759 bytes for ./Payload/RealSocial.app/checkbox-nor@3x.png
2018-02-26 05:52:18 +0000  copying file ./Payload/RealSocial.app/btn-send@3x.png ... 
2018-02-26 05:52:18 +0000  4329 bytes for ./Payload/RealSocial.app/btn-send@3x.png
copying file ./Payload/RealSocial.app/screen-1.png ... 
2018-02-26 05:52:18 +0000  2001 bytes for ./Payload/RealSocial.app/screen-1.png
2018-02-26 05:52:18 +0000  copying file ./Payload/RealSocial.app/faceinfo-1.png ... 
2018-02-26 05:52:18 +0000  13125 bytes for ./Payload/RealSocial.app/faceinfo-1.png
2018-02-26 05:52:18 +0000  copying file ./Payload/RealSocial.app/megviicloud logo.png ... 
2018-02-26 05:52:18 +0000  14839 bytes for ./Payload/RealSocial.app/megviicloud logo.png
2018-02-26 05:52:18 +0000  copying file ./Payload/RealSocial.app/1280_720@3x.png ... 
2018-02-26 05:52:18 +0000  7200 bytes for ./Payload/RealSocial.app/1280_720@3x.png
2018-02-26 05:52:18 +0000  copying file ./Payload/RealSocial.app/AppIcon29x29.png ... 
2018-02-26 05:52:18 +0000  1391 bytes for ./Payload/RealSocial.app/AppIcon29x29.png
2018-02-26 05:52:18 +0000  copying file ./Payload/RealSocial.app/card_front.png ... 
2018-02-26 05:52:18 +0000  10524 bytes for ./Payload/RealSocial.app/card_front.png
copying file ./Payload/RealSocial.app/checkbox-selected@3x.png ... 
2018-02-26 05:52:18 +0000  2435 bytes for ./Payload/RealSocial.app/checkbox-selected@3x.png
2018-02-26 05:52:18 +0000  copying file ./Payload/RealSocial.app/960_540@3x.png ... 
2018-02-26 05:52:18 +0000  7465 bytes for ./Payload/RealSocial.app/960_540@3x.png
copying file ./Payload/RealSocial.app/AppIcon60x60@2x.png ... 
2018-02-26 05:52:18 +0000  9999 bytes for ./Payload/RealSocial.app/AppIcon60x60@2x.png
copying file ./Payload/RealSocial.app/AppIcon72x72@2x~ipad.png ... 
2018-02-26 05:52:18 +0000  12958 bytes for ./Payload/RealSocial.app/AppIcon72x72@2x~ipad.png
2018-02-26 05:52:18 +0000  copying file ./Payload/RealSocial.app/btn-comment-nor@3x.png ... 
2018-02-26 05:52:18 +0000  1602 bytes for ./Payload/RealSocial.app/btn-comment-nor@3x.png
copying file ./Payload/RealSocial.app/AppIcon29x29@2x.png ... 
2018-02-26 05:52:18 +0000  3537 bytes for ./Payload/RealSocial.app/AppIcon29x29@2x.png
copying file ./Payload/RealSocial.app/regist.png ... 
2018-02-26 05:52:18 +0000  5449 bytes for ./Payload/RealSocial.app/regist.png
copying file ./Payload/RealSocial.app/textrec-0.png ... 
2018-02-26 05:52:18 +0000  2577 bytes for ./Payload/RealSocial.app/textrec-0.png
copying file ./Payload/RealSocial.app/BaseCell.nib ... 
2018-02-26 05:52:18 +0000  1163 bytes for ./Payload/RealSocial.app/BaseCell.nib
copying file ./Payload/RealSocial.app/LaunchImage-800-667h@2x.png ... 
2018-02-26 05:52:18 +0000  27639 bytes for ./Payload/RealSocial.app/LaunchImage-800-667h@2x.png
2018-02-26 05:52:18 +0000  copying file ./Payload/RealSocial.app/.gitkeep ... 
0 bytes for ./Payload/RealSocial.app/.gitkeep
copying file ./Payload/RealSocial.app/textrec-1.png ... 
2018-02-26 05:52:18 +0000  2414 bytes for ./Payload/RealSocial.app/textrec-1.png
2018-02-26 05:52:18 +0000  copying file ./Payload/RealSocial.app/AppIcon40x40@3x.png ... 
2018-02-26 05:52:18 +0000  9635 bytes for ./Payload/RealSocial.app/AppIcon40x40@3x.png
copying file ./Payload/RealSocial.app/AppIcon57x57@2x.png ... 
2018-02-26 05:52:18 +0000  9261 bytes for ./Payload/RealSocial.app/AppIcon57x57@2x.png
copying file ./Payload/RealSocial.app/VideoFrag.glsl ... 
219 bytes for ./Payload/RealSocial.app/VideoFrag.glsl
copying file ./Payload/RealSocial.app/faceLogo.png ... 
2018-02-26 05:52:18 +0000  8619 bytes for ./Payload/RealSocial.app/faceLogo.png
copying file ./Payload/RealSocial.app/record-1.png ... 
2018-02-26 05:52:18 +0000  7029 bytes for ./Payload/RealSocial.app/record-1.png
copying file ./Payload/RealSocial.app/AppIcon29x29~ipad.png ... 
2018-02-26 05:52:18 +0000  1391 bytes for ./Payload/RealSocial.app/AppIcon29x29~ipad.png
2018-02-26 05:52:18 +0000  copying file ./Payload/RealSocial.app/user.png ... 
2018-02-26 05:52:18 +0000  3890 bytes for ./Payload/RealSocial.app/user.png
copying file ./Payload/RealSocial.app/debug-1.png ... 
3593 bytes for ./Payload/RealSocial.app/debug-1.png
copying file ./Payload/RealSocial.app/AppIcon40x40@2x.png ... 
5694 bytes for ./Payload/RealSocial.app/AppIcon40x40@2x.png
copying file ./Payload/RealSocial.app/1920_1080@3x.png ... 
2018-02-26 05:52:18 +0000  7446 bytes for ./Payload/RealSocial.app/1920_1080@3x.png
copying file ./Payload/RealSocial.app/debug-0.png ... 
2018-02-26 05:52:18 +0000  3879 bytes for ./Payload/RealSocial.app/debug-0.png
copying file ./Payload/RealSocial.app/record-0.png ... 
2018-02-26 05:52:18 +0000  7640 bytes for ./Payload/RealSocial.app/record-0.png
copying file ./Payload/RealSocial.app/btn-comment-nor@2x.png ... 
2018-02-26 05:52:18 +0000  969 bytes for ./Payload/RealSocial.app/btn-comment-nor@2x.png
2018-02-26 05:52:18 +0000  copying file ./Payload/RealSocial.app/AppIcon29x29@3x.png ... 
2018-02-26 05:52:18 +0000  6167 bytes for ./Payload/RealSocial.app/AppIcon29x29@3x.png
copying file ./Payload/RealSocial.app/1920_1080.png ... 
2018-02-26 05:52:18 +0000  5157 bytes for ./Payload/RealSocial.app/1920_1080.png
2018-02-26 05:52:18 +0000  copying file ./Payload/RealSocial.app/side-1.png ... 
2018-02-26 05:52:18 +0000  2723 bytes for ./Payload/RealSocial.app/side-1.png
2018-02-26 05:52:18 +0000  copying file ./Payload/RealSocial.app/spbuiltintype.proto ... 
2018-02-26 05:52:18 +0000  590 bytes for ./Payload/RealSocial.app/spbuiltintype.proto
copying file ./Payload/RealSocial.app/AppIcon60x60@3x.png ... 
2018-02-26 05:52:18 +0000  16983 bytes for ./Payload/RealSocial.app/AppIcon60x60@3x.png
copying file ./Payload/RealSocial.app/Base.lproj/Main.storyboardc/UIViewController-BYZ-38-t0r.nib ... 
2018-02-26 05:52:18 +0000  916 bytes for ./Payload/RealSocial.app/Base.lproj/Main.storyboardc/UIViewController-BYZ-38-t0r.nib
copying file ./Payload/RealSocial.app/Base.lproj/Main.storyboardc/BYZ-38-t0r-view-8bC-Xf-vdC.nib ... 
1986 bytes for ./Payload/RealSocial.app/Base.lproj/Main.storyboardc/BYZ-38-t0r-view-8bC-Xf-vdC.nib
copying file ./Payload/RealSocial.app/Base.lproj/Main.storyboardc/Info.plist ... 
2018-02-26 05:52:18 +0000  258 bytes for ./Payload/RealSocial.app/Base.lproj/Main.storyboardc/Info.plist
copying file ./Payload/RealSocial.app/Base.lproj/LaunchScreen.storyboardc/01J-lp-oVM-view-Ze5-6b-2t3.nib ... 
2018-02-26 05:52:18 +0000  1985 bytes for ./Payload/RealSocial.app/Base.lproj/LaunchScreen.storyboardc/01J-lp-oVM-view-Ze5-6b-2t3.nib
copying file ./Payload/RealSocial.app/Base.lproj/LaunchScreen.storyboardc/UIViewController-01J-lp-oVM.nib ... 
832 bytes for ./Payload/RealSocial.app/Base.lproj/LaunchScreen.storyboardc/UIViewController-01J-lp-oVM.nib
copying file ./Payload/RealSocial.app/Base.lproj/LaunchScreen.storyboardc/Info.plist ... 
2018-02-26 05:52:18 +0000  258 bytes for ./Payload/RealSocial.app/Base.lproj/LaunchScreen.storyboardc/Info.plist
copying file ./Payload/RealSocial.app/side-0.png ... 
2018-02-26 05:52:18 +0000  2279 bytes for ./Payload/RealSocial.app/side-0.png
2018-02-26 05:52:18 +0000  copying file ./Payload/RealSocial.app/selected.png ... 
2018-02-26 05:52:18 +0000  1434 bytes for ./Payload/RealSocial.app/selected.png
copying file ./Payload/RealSocial.app/background.png ... 
2018-02-26 05:52:18 +0000  987646 bytes for ./Payload/RealSocial.app/background.png
copying file ./Payload/RealSocial.app/checkbox-selected@2x.png ... 
2018-02-26 05:52:18 +0000  1582 bytes for ./Payload/RealSocial.app/checkbox-selected@2x.png
copying file ./Payload/RealSocial.app/Localizable.strings ... 
2018-02-26 05:52:18 +0000  1547 bytes for ./Payload/RealSocial.app/Localizable.strings
2018-02-26 05:52:18 +0000  copying file ./Payload/RealSocial.app/archived-expanded-entitlements.xcent ... 
2018-02-26 05:52:18 +0000  246 bytes for ./Payload/RealSocial.app/archived-expanded-entitlements.xcent
copying file ./Payload/RealSocial.app/btn-confirm-hl@2x.png ... 
2018-02-26 05:52:18 +0000  3518 bytes for ./Payload/RealSocial.app/btn-confirm-hl@2x.png
copying file ./Payload/RealSocial.app/btn-camera@2x.png ... 
2018-02-26 05:52:18 +0000  10572 bytes for ./Payload/RealSocial.app/btn-camera@2x.png
2018-02-26 05:52:18 +0000  copying file ./Payload/RealSocial.app/btn-search@3x.png ... 
2018-02-26 05:52:18 +0000  825 bytes for ./Payload/RealSocial.app/btn-search@3x.png
copying file ./Payload/RealSocial.app/spcgicommdef.proto ... 
2018-02-26 05:52:18 +0000  734 bytes for ./Payload/RealSocial.app/spcgicommdef.proto
copying file ./Payload/RealSocial.app/btn-newGroup@3x.png ... 
2018-02-26 05:52:18 +0000  1445 bytes for ./Payload/RealSocial.app/btn-newGroup@3x.png
copying file ./Payload/RealSocial.app/1280_720.png ... 
2018-02-26 05:52:18 +0000  4962 bytes for ./Payload/RealSocial.app/1280_720.png
2018-02-26 05:52:18 +0000  copying file ./Payload/RealSocial.app/LaunchImage-700-Portrait~ipad.png ... 
2018-02-26 05:52:18 +0000  26830 bytes for ./Payload/RealSocial.app/LaunchImage-700-Portrait~ipad.png
2018-02-26 05:52:18 +0000  copying file ./Payload/RealSocial.app/Face3DFragment.glsl ... 
400 bytes for ./Payload/RealSocial.app/Face3DFragment.glsl
2018-02-26 05:52:18 +0000  copying file ./Payload/RealSocial.app/btn-searchbar-clear@2x.png ... 
2018-02-26 05:52:18 +0000  338 bytes for ./Payload/RealSocial.app/btn-searchbar-clear@2x.png
copying file ./Payload/RealSocial.app/Assets.car ... 
2018-02-26 05:52:18 +0000  339144 bytes for ./Payload/RealSocial.app/Assets.car
copying file ./Payload/RealSocial.app/photograph@3x.png ... 
2018-02-26 05:52:18 +0000  3265 bytes for ./Payload/RealSocial.app/photograph@3x.png
copying file ./Payload/RealSocial.app/AppIcon40x40@2x~ipad.png ... 
2018-02-26 05:52:18 +0000  5694 bytes for ./Payload/RealSocial.app/AppIcon40x40@2x~ipad.png
2018-02-26 05:52:18 +0000  copying file ./Payload/RealSocial.app/VideoVert.glsl ... 
2018-02-26 05:52:18 +0000  180 bytes for ./Payload/RealSocial.app/VideoVert.glsl
copying file ./Payload/RealSocial.app/AppIcon76x76@2x~ipad.png ... 
2018-02-26 05:52:18 +0000  13880 bytes for ./Payload/RealSocial.app/AppIcon76x76@2x~ipad.png
copying file ./Payload/RealSocial.app/LaunchImage-800-Portrait-736h@3x.png ... 
2018-02-26 05:52:18 +0000  49843 bytes for ./Payload/RealSocial.app/LaunchImage-800-Portrait-736h@3x.png
2018-02-26 05:52:18 +0000  copying file ./Payload/RealSocial.app/AppIcon72x72~ipad.png ... 
2018-02-26 05:52:18 +0000  4785 bytes for ./Payload/RealSocial.app/AppIcon72x72~ipad.png
copying file ./Payload/RealSocial.app/MCSetCell.nib ... 
2018-02-26 05:52:18 +0000  4492 bytes for ./Payload/RealSocial.app/MCSetCell.nib
2018-02-26 05:52:18 +0000  copying file ./Payload/RealSocial.app/FacePointSize.glsl ... 
137 bytes for ./Payload/RealSocial.app/FacePointSize.glsl
2018-02-26 05:52:18 +0000  copying file ./Payload/RealSocial.app/megviifacepp_0_5_2_model ... 
2018-02-26 05:52:19 +0000  9612097 bytes for ./Payload/RealSocial.app/megviifacepp_0_5_2_model
2018-02-26 05:52:19 +0000  copying file ./Payload/RealSocial.app/photograph@2x.png ... 
2194 bytes for ./Payload/RealSocial.app/photograph@2x.png
copying file ./Payload/RealSocial.app/btn-searchbar-clear@3x.png ... 
2018-02-26 05:52:19 +0000  451 bytes for ./Payload/RealSocial.app/btn-searchbar-clear@3x.png
copying file ./Payload/RealSocial.app/LaunchImage-700@2x.png ... 
2018-02-26 05:52:19 +0000  25549 bytes for ./Payload/RealSocial.app/LaunchImage-700@2x.png
2018-02-26 05:52:19 +0000  copying file ./Payload/RealSocial.app/btn-newGroup@2x.png ... 
2018-02-26 05:52:19 +0000  764 bytes for ./Payload/RealSocial.app/btn-newGroup@2x.png
copying file ./Payload/RealSocial.app/pw.png ... 
2018-02-26 05:52:19 +0000  2051 bytes for ./Payload/RealSocial.app/pw.png
2018-02-26 05:52:19 +0000  copying file ./Payload/RealSocial.app/960_540.png ... 
2018-02-26 05:52:19 +0000  5199 bytes for ./Payload/RealSocial.app/960_540.png
2018-02-26 05:52:19 +0000  copying file ./Payload/RealSocial.app/AppIcon83.5x83.5@2x~ipad.png ... 
2018-02-26 05:52:19 +0000  16047 bytes for ./Payload/RealSocial.app/AppIcon83.5x83.5@2x~ipad.png
2018-02-26 05:52:19 +0000  copying file ./Payload/RealSocial.app/LaunchImage-700-568h@2x.png ... 
2018-02-26 05:52:19 +0000  26232 bytes for ./Payload/RealSocial.app/LaunchImage-700-568h@2x.png
2018-02-26 05:52:19 +0000  copying file ./Payload/RealSocial.app/MGFaceListViewController.storyboardc/MGFaceListViewController.nib ... 
2018-02-26 05:52:19 +0000  1133 bytes for ./Payload/RealSocial.app/MGFaceListViewController.storyboardc/MGFaceListViewController.nib
copying file ./Payload/RealSocial.app/MGFaceListViewController.storyboardc/OSn-l6-tca-view-FAV-bl-znD.nib ... 
2018-02-26 05:52:19 +0000  8352 bytes for ./Payload/RealSocial.app/MGFaceListViewController.storyboardc/OSn-l6-tca-view-FAV-bl-znD.nib
2018-02-26 05:52:19 +0000  copying file ./Payload/RealSocial.app/MGFaceListViewController.storyboardc/Info.plist ... 
173 bytes for ./Payload/RealSocial.app/MGFaceListViewController.storyboardc/Info.plist
copying file ./Payload/RealSocial.app/btn-search@2x.png ... 
2018-02-26 05:52:19 +0000  560 bytes for ./Payload/RealSocial.app/btn-search@2x.png
copying file ./Payload/RealSocial.app/faceCompare-1.png ... 
2018-02-26 05:52:19 +0000  4351 bytes for ./Payload/RealSocial.app/faceCompare-1.png
copying file ./Payload/RealSocial.app/btn-camera@3x.png ... 
2018-02-26 05:52:19 +0000  16919 bytes for ./Payload/RealSocial.app/btn-camera@3x.png
2018-02-26 05:52:19 +0000  copying file ./Payload/RealSocial.app/faceCompare-0.png ... 
2018-02-26 05:52:19 +0000  4747 bytes for ./Payload/RealSocial.app/faceCompare-0.png
2018-02-26 05:52:19 +0000  copying file ./Payload/RealSocial.app/skin.png ... 
2018-02-26 05:52:19 +0000  597027 bytes for ./Payload/RealSocial.app/skin.png
copying file ./Payload/RealSocial.app/AppIcon50x50~ipad.png ... 
2018-02-26 05:52:19 +0000  2790 bytes for ./Payload/RealSocial.app/AppIcon50x50~ipad.png
copying file ./Payload/RealSocial.app/btn-confirm-hl@3x.png ... 
2018-02-26 05:52:19 +0000  5384 bytes for ./Payload/RealSocial.app/btn-confirm-hl@3x.png
2018-02-26 05:52:19 +0000  copying file ./Payload/RealSocial.app/RealSocial ... 
2018-02-26 05:52:20 +0000  13691744 bytes for ./Payload/RealSocial.app/RealSocial
copying file ./Payload/RealSocial.app/3D-0.png ... 
2018-02-26 05:52:20 +0000  3951 bytes for ./Payload/RealSocial.app/3D-0.png
2018-02-26 05:52:20 +0000  copying file ./Payload/RealSocial.app/3D-1.png ... 
2018-02-26 05:52:20 +0000  3543 bytes for ./Payload/RealSocial.app/3D-1.png
copying file ./Payload/RealSocial.app/AppIcon29x29@2x~ipad.png ... 
2018-02-26 05:52:20 +0000  3537 bytes for ./Payload/RealSocial.app/AppIcon29x29@2x~ipad.png
2018-02-26 05:52:20 +0000  copying file ./Payload/RealSocial.app/81_points_position.jpg ... 
2018-02-26 05:52:20 +0000  94473 bytes for ./Payload/RealSocial.app/81_points_position.jpg
copying file ./Payload/RealSocial.app/btn-sent-hl@2x.png ... 
2018-02-26 05:52:20 +0000  3419 bytes for ./Payload/RealSocial.app/btn-sent-hl@2x.png
2018-02-26 05:52:20 +0000  copying file ./Payload/RealSocial.app/AppIcon50x50@2x~ipad.png ... 
2018-02-26 05:52:20 +0000  7797 bytes for ./Payload/RealSocial.app/AppIcon50x50@2x~ipad.png
copying file ./Payload/RealSocial.app/81-1.png ... 
2018-02-26 05:52:20 +0000  13514 bytes for ./Payload/RealSocial.app/81-1.png
copying file ./Payload/RealSocial.app/AppIcon40x40~ipad.png ... 
2018-02-26 05:52:20 +0000  2106 bytes for ./Payload/RealSocial.app/AppIcon40x40~ipad.png
2018-02-26 05:52:20 +0000  copying file ./Payload/RealSocial.app/btn-comment-new@2x.png ... 
2018-02-26 05:52:20 +0000  2069 bytes for ./Payload/RealSocial.app/btn-comment-new@2x.png
copying file ./Payload/RealSocial.app/81-0.png ... 
2018-02-26 05:52:20 +0000  11321 bytes for ./Payload/RealSocial.app/81-0.png
2018-02-26 05:52:20 +0000  copying file ./Payload/RealSocial.app/IMG_2393.JPG ... 
2018-02-26 05:52:20 +0000  179893 bytes for ./Payload/RealSocial.app/IMG_2393.JPG
copying file ./Payload/RealSocial.app/btn-confirm-nor@3x.png ... 
2018-02-26 05:52:20 +0000  2434 bytes for ./Payload/RealSocial.app/btn-confirm-nor@3x.png
copying file ./Payload/RealSocial.app/embedded.mobileprovision ... 
2018-02-26 05:52:20 +0000  9871 bytes for ./Payload/RealSocial.app/embedded.mobileprovision
copying file ./Payload/RealSocial.app/unSelected.png ... 
2018-02-26 05:52:20 +0000  1159 bytes for ./Payload/RealSocial.app/unSelected.png
2018-02-26 05:52:20 +0000  copying file ./Payload/RealSocial.app/640_480.png ... 
2018-02-26 05:52:20 +0000  4956 bytes for ./Payload/RealSocial.app/640_480.png
2018-02-26 05:52:20 +0000  copying file ./Payload/RealSocial.app/btn-confirm-nor@2x.png ... 
2018-02-26 05:52:20 +0000  1634 bytes for ./Payload/RealSocial.app/btn-confirm-nor@2x.png
copying file ./Payload/RealSocial.app/btn-comment-new@3x.png ... 
2018-02-26 05:52:20 +0000  3257 bytes for ./Payload/RealSocial.app/btn-comment-new@3x.png
2018-02-26 05:52:20 +0000  copying file ./Payload/RealSocial.app/LaunchImage-700-Portrait@2x~ipad.png ... 
2018-02-26 05:52:20 +0000  52369 bytes for ./Payload/RealSocial.app/LaunchImage-700-Portrait@2x~ipad.png
2018-02-26 05:52:20 +0000  copying file ./Payload/RealSocial.app/FacePointColor.glsl ... 
103 bytes for ./Payload/RealSocial.app/FacePointColor.glsl
2018-02-26 05:52:20 +0000  copying file ./Payload/RealSocial.app/btn-sent-hl@3x.png ... 
2018-02-26 05:52:20 +0000  5232 bytes for ./Payload/RealSocial.app/btn-sent-hl@3x.png
2018-02-26 05:52:20 +0000  copying file ./Payload/RealSocial.app/Info.plist ... 
2018-02-26 05:52:20 +0000  2149 bytes for ./Payload/RealSocial.app/Info.plist
copying file ./Payload/RealSocial.app/defaultAvatar.png ... 
2018-02-26 05:52:20 +0000  8823 bytes for ./Payload/RealSocial.app/defaultAvatar.png
2018-02-26 05:52:20 +0000  copying file ./Payload/RealSocial.app/640_480@3x.png ... 
2018-02-26 05:52:20 +0000  7174 bytes for ./Payload/RealSocial.app/640_480@3x.png
2018-02-26 05:52:20 +0000  copying file ./Payload/RealSocial.app/PkgInfo ... 
8 bytes for ./Payload/RealSocial.app/PkgInfo
2018-02-26 05:52:20 +0000  copying file ./Payload/RealSocial.app/AppIcon76x76~ipad.png ... 
2018-02-26 05:52:20 +0000  5175 bytes for ./Payload/RealSocial.app/AppIcon76x76~ipad.png
2018-02-26 05:52:20 +0000  2018-02-26 05:52:20 +0000  

2018-02-26 05:52:20 +0000  /usr/bin/ditto exited with 0
2018-02-26 05:52:20 +0000  2018-02-26 05:52:20 +0000  

2018-02-26 05:52:20 +0000  Processing step: IDEDistributionCreateManifestStep
